[0.010s] Invoking command in '/home/shusain/projects/hil_odrive_chrono_ros2_control/build/hil_odrive_ros2_control': CMAKE_PREFIX_PATH=/home/shusain/projects/hil_odrive_chrono_ros2_control/install/odrive_ros2_control:/home/shusain/projects/hil_odrive_chrono_ros2_control/install/odrive_velocity_pid:/home/shusain/projects/hil_odrive_chrono_ros2_control/install/hil_odrive_ros2_control:/home/shusain/projects/hil_odrive_chrono_ros2_control/install/chrono_flap_sim:/opt/ros/jazzy/opt/sdformat_vendor:/opt/ros/jazzy/opt/gz_math_vendor:/opt/ros/jazzy/opt/gz_utils_vendor:/opt/ros/jazzy/opt/gz_tools_vendor:/opt/ros/jazzy/opt/gz_cmake_vendor:/opt/ros/jazzy DEBUGINFOD_URLS=https://debuginfod.ubuntu.com /usr/local/bin/cmake /home/shusain/projects/hil_odrive_chrono_ros2_control/src/hil_odrive_ros2_control -DCMAKE_PREFIX_PATH=/home/shusain/Packages/vsg -DCMAKE_INSTALL_PREFIX=/home/shusain/projects/hil_odrive_chrono_ros2_control/install/hil_odrive_ros2_control
[0.014s] [0mCMake Deprecation Warning at CMakeLists.txt:1 (cmake_minimum_required):
[0.014s]   Compatibility with CMake < 3.10 will be removed from a future version of
[0.014s]   CMake.
[0.014s] 
[0.014s]   Update the VERSION argument <min> value.  Or, use the <min>...<max> syntax
[0.014s]   to tell CMake that the project requires at least <min> but has been updated
[0.014s]   to work with policies introduced by <max> or earlier.
[0.014s] 
[0.014s] [0m
[0.058s] -- The C compiler identification is GNU 13.3.0
[0.113s] -- The CXX compiler identification is GNU 13.3.0
[0.118s] -- Detecting C compiler ABI info
[0.171s] -- Detecting C compiler ABI info - done
[0.183s] -- Check for working C compiler: /usr/bin/cc - skipped
[0.183s] -- Detecting C compile features
[0.183s] -- Detecting C compile features - done
[0.193s] -- Detecting CXX compiler ABI info
[0.249s] -- Detecting CXX compiler ABI info - done
[0.261s] -- Check for working CXX compiler: /usr/bin/c++ - skipped
[0.261s] -- Detecting CXX compile features
[0.262s] -- Detecting CXX compile features - done
[0.271s] -- Found ament_cmake: 2.5.6 (/opt/ros/jazzy/share/ament_cmake/cmake)
[0.430s] -- Found Python3: /usr/bin/python3 (found version "3.12.3") found components: Interpreter
[0.618s] -- Configuring done (0.6s)
[0.620s] -- Generating done (0.0s)
[0.621s] -- Build files have been written to: /home/shusain/projects/hil_odrive_chrono_ros2_control/build/hil_odrive_ros2_control
[0.627s] Invoked command in '/home/shusain/projects/hil_odrive_chrono_ros2_control/build/hil_odrive_ros2_control' returned '0': CMAKE_PREFIX_PATH=/home/shusain/projects/hil_odrive_chrono_ros2_control/install/odrive_ros2_control:/home/shusain/projects/hil_odrive_chrono_ros2_control/install/odrive_velocity_pid:/home/shusain/projects/hil_odrive_chrono_ros2_control/install/hil_odrive_ros2_control:/home/shusain/projects/hil_odrive_chrono_ros2_control/install/chrono_flap_sim:/opt/ros/jazzy/opt/sdformat_vendor:/opt/ros/jazzy/opt/gz_math_vendor:/opt/ros/jazzy/opt/gz_utils_vendor:/opt/ros/jazzy/opt/gz_tools_vendor:/opt/ros/jazzy/opt/gz_cmake_vendor:/opt/ros/jazzy DEBUGINFOD_URLS=https://debuginfod.ubuntu.com /usr/local/bin/cmake /home/shusain/projects/hil_odrive_chrono_ros2_control/src/hil_odrive_ros2_control -DCMAKE_PREFIX_PATH=/home/shusain/Packages/vsg -DCMAKE_INSTALL_PREFIX=/home/shusain/projects/hil_odrive_chrono_ros2_control/install/hil_odrive_ros2_control
[0.628s] Invoking command in '/home/shusain/projects/hil_odrive_chrono_ros2_control/build/hil_odrive_ros2_control': CMAKE_PREFIX_PATH=/home/shusain/projects/hil_odrive_chrono_ros2_control/install/odrive_ros2_control:/home/shusain/projects/hil_odrive_chrono_ros2_control/install/odrive_velocity_pid:/home/shusain/projects/hil_odrive_chrono_ros2_control/install/hil_odrive_ros2_control:/home/shusain/projects/hil_odrive_chrono_ros2_control/install/chrono_flap_sim:/opt/ros/jazzy/opt/sdformat_vendor:/opt/ros/jazzy/opt/gz_math_vendor:/opt/ros/jazzy/opt/gz_utils_vendor:/opt/ros/jazzy/opt/gz_tools_vendor:/opt/ros/jazzy/opt/gz_cmake_vendor:/opt/ros/jazzy DEBUGINFOD_URLS=https://debuginfod.ubuntu.com /usr/local/bin/cmake --build /home/shusain/projects/hil_odrive_chrono_ros2_control/build/hil_odrive_ros2_control -- -j4 -l4
[0.641s] Invoked command in '/home/shusain/projects/hil_odrive_chrono_ros2_control/build/hil_odrive_ros2_control' returned '0': CMAKE_PREFIX_PATH=/home/shusain/projects/hil_odrive_chrono_ros2_control/install/odrive_ros2_control:/home/shusain/projects/hil_odrive_chrono_ros2_control/install/odrive_velocity_pid:/home/shusain/projects/hil_odrive_chrono_ros2_control/install/hil_odrive_ros2_control:/home/shusain/projects/hil_odrive_chrono_ros2_control/install/chrono_flap_sim:/opt/ros/jazzy/opt/sdformat_vendor:/opt/ros/jazzy/opt/gz_math_vendor:/opt/ros/jazzy/opt/gz_utils_vendor:/opt/ros/jazzy/opt/gz_tools_vendor:/opt/ros/jazzy/opt/gz_cmake_vendor:/opt/ros/jazzy DEBUGINFOD_URLS=https://debuginfod.ubuntu.com /usr/local/bin/cmake --build /home/shusain/projects/hil_odrive_chrono_ros2_control/build/hil_odrive_ros2_control -- -j4 -l4
[0.642s] Invoking command in '/home/shusain/projects/hil_odrive_chrono_ros2_control/build/hil_odrive_ros2_control': CMAKE_PREFIX_PATH=/home/shusain/projects/hil_odrive_chrono_ros2_control/install/odrive_ros2_control:/home/shusain/projects/hil_odrive_chrono_ros2_control/install/odrive_velocity_pid:/home/shusain/projects/hil_odrive_chrono_ros2_control/install/hil_odrive_ros2_control:/home/shusain/projects/hil_odrive_chrono_ros2_control/install/chrono_flap_sim:/opt/ros/jazzy/opt/sdformat_vendor:/opt/ros/jazzy/opt/gz_math_vendor:/opt/ros/jazzy/opt/gz_utils_vendor:/opt/ros/jazzy/opt/gz_tools_vendor:/opt/ros/jazzy/opt/gz_cmake_vendor:/opt/ros/jazzy DEBUGINFOD_URLS=https://debuginfod.ubuntu.com /usr/local/bin/cmake --install /home/shusain/projects/hil_odrive_chrono_ros2_control/build/hil_odrive_ros2_control
[0.645s] -- Install configuration: ""
[0.646s] -- Installing: /home/shusain/projects/hil_odrive_chrono_ros2_control/install/hil_odrive_ros2_control/share/hil_odrive_ros2_control/launch
[0.646s] -- Installing: /home/shusain/projects/hil_odrive_chrono_ros2_control/install/hil_odrive_ros2_control/share/hil_odrive_ros2_control/launch/motor_control.launch.py
[0.646s] -- Installing: /home/shusain/projects/hil_odrive_chrono_ros2_control/install/hil_odrive_ros2_control/share/hil_odrive_ros2_control/config
[0.646s] -- Installing: /home/shusain/projects/hil_odrive_chrono_ros2_control/install/hil_odrive_ros2_control/share/hil_odrive_ros2_control/config/controllers.yaml
[0.646s] -- Installing: /home/shusain/projects/hil_odrive_chrono_ros2_control/install/hil_odrive_ros2_control/share/hil_odrive_ros2_control/description
[0.646s] -- Installing: /home/shusain/projects/hil_odrive_chrono_ros2_control/install/hil_odrive_ros2_control/share/hil_odrive_ros2_control/description/urdf
[0.646s] -- Installing: /home/shusain/projects/hil_odrive_chrono_ros2_control/install/hil_odrive_ros2_control/share/hil_odrive_ros2_control/description/urdf/motor.urdf.xacro
[0.646s] -- Installing: /home/shusain/projects/hil_odrive_chrono_ros2_control/install/hil_odrive_ros2_control/share/ament_index/resource_index/package_run_dependencies/hil_odrive_ros2_control
[0.646s] -- Installing: /home/shusain/projects/hil_odrive_chrono_ros2_control/install/hil_odrive_ros2_control/share/ament_index/resource_index/parent_prefix_path/hil_odrive_ros2_control
[0.646s] -- Installing: /home/shusain/projects/hil_odrive_chrono_ros2_control/install/hil_odrive_ros2_control/share/hil_odrive_ros2_control/environment/ament_prefix_path.sh
[0.647s] -- Installing: /home/shusain/projects/hil_odrive_chrono_ros2_control/install/hil_odrive_ros2_control/share/hil_odrive_ros2_control/environment/ament_prefix_path.dsv
[0.647s] -- Installing: /home/shusain/projects/hil_odrive_chrono_ros2_control/install/hil_odrive_ros2_control/share/hil_odrive_ros2_control/environment/path.sh
[0.647s] -- Installing: /home/shusain/projects/hil_odrive_chrono_ros2_control/install/hil_odrive_ros2_control/share/hil_odrive_ros2_control/environment/path.dsv
[0.647s] -- Installing: /home/shusain/projects/hil_odrive_chrono_ros2_control/install/hil_odrive_ros2_control/share/hil_odrive_ros2_control/local_setup.bash
[0.647s] -- Installing: /home/shusain/projects/hil_odrive_chrono_ros2_control/install/hil_odrive_ros2_control/share/hil_odrive_ros2_control/local_setup.sh
[0.647s] -- Installing: /home/shusain/projects/hil_odrive_chrono_ros2_control/install/hil_odrive_ros2_control/share/hil_odrive_ros2_control/local_setup.zsh
[0.647s] -- Installing: /home/shusain/projects/hil_odrive_chrono_ros2_control/install/hil_odrive_ros2_control/share/hil_odrive_ros2_control/local_setup.dsv
[0.647s] -- Installing: /home/shusain/projects/hil_odrive_chrono_ros2_control/install/hil_odrive_ros2_control/share/hil_odrive_ros2_control/package.dsv
[0.647s] -- Installing: /home/shusain/projects/hil_odrive_chrono_ros2_control/install/hil_odrive_ros2_control/share/ament_index/resource_index/packages/hil_odrive_ros2_control
[0.647s] -- Installing: /home/shusain/projects/hil_odrive_chrono_ros2_control/install/hil_odrive_ros2_control/share/hil_odrive_ros2_control/cmake/hil_odrive_ros2_controlConfig.cmake
[0.648s] -- Installing: /home/shusain/projects/hil_odrive_chrono_ros2_control/install/hil_odrive_ros2_control/share/hil_odrive_ros2_control/cmake/hil_odrive_ros2_controlConfig-version.cmake
[0.648s] -- Installing: /home/shusain/projects/hil_odrive_chrono_ros2_control/install/hil_odrive_ros2_control/share/hil_odrive_ros2_control/package.xml
[0.649s] Invoked command in '/home/shusain/projects/hil_odrive_chrono_ros2_control/build/hil_odrive_ros2_control' returned '0': CMAKE_PREFIX_PATH=/home/shusain/projects/hil_odrive_chrono_ros2_control/install/odrive_ros2_control:/home/shusain/projects/hil_odrive_chrono_ros2_control/install/odrive_velocity_pid:/home/shusain/projects/hil_odrive_chrono_ros2_control/install/hil_odrive_ros2_control:/home/shusain/projects/hil_odrive_chrono_ros2_control/install/chrono_flap_sim:/opt/ros/jazzy/opt/sdformat_vendor:/opt/ros/jazzy/opt/gz_math_vendor:/opt/ros/jazzy/opt/gz_utils_vendor:/opt/ros/jazzy/opt/gz_tools_vendor:/opt/ros/jazzy/opt/gz_cmake_vendor:/opt/ros/jazzy DEBUGINFOD_URLS=https://debuginfod.ubuntu.com /usr/local/bin/cmake --install /home/shusain/projects/hil_odrive_chrono_ros2_control/build/hil_odrive_ros2_control
