[0mCMake Deprecation Warning at CMakeLists.txt:1 (cmake_minimum_required):
  Compatibility with CMake < 3.10 will be removed from a future version of
  CMake.

  Update the VERSION argument <min> value.  Or, use the <min>...<max> syntax
  to tell CMake that the project requires at least <min> but has been updated
  to work with policies introduced by <max> or earlier.

[0m
-- The C compiler identification is GNU 13.3.0
-- The CXX compiler identification is GNU 13.3.0
-- Detecting C compiler ABI info
-- Detecting C compiler ABI info - done
-- Check for working C compiler: /usr/bin/cc - skipped
-- Detecting C compile features
-- Detecting C compile features - done
-- Detecting CXX compiler ABI info
-- Detecting CXX compiler ABI info - done
-- Check for working CXX compiler: /usr/bin/c++ - skipped
-- Detecting CXX compile features
-- Detecting CXX compile features - done
-- Found ament_cmake: 2.5.6 (/opt/ros/jazzy/share/ament_cmake/cmake)
-- Found Python3: /usr/bin/python3 (found version "3.12.3") found components: Interpreter
-- Found rclcpp: 28.1.18 (/opt/ros/jazzy/share/rclcpp/cmake)
-- Found rosidl_generator_c: 4.6.7 (/opt/ros/jazzy/share/rosidl_generator_c/cmake)
-- Found rosidl_generator_cpp: 4.6.7 (/opt/ros/jazzy/share/rosidl_generator_cpp/cmake)
-- Using all available rosidl_typesupport_c: rosidl_typesupport_fastrtps_c;rosidl_typesupport_introspection_c
-- Using all available rosidl_typesupport_cpp: rosidl_typesupport_fastrtps_cpp;rosidl_typesupport_introspection_cpp
-- Found rmw_implementation_cmake: 7.3.3 (/opt/ros/jazzy/share/rmw_implementation_cmake/cmake)
-- Found rmw_fastrtps_cpp: 8.4.3 (/opt/ros/jazzy/share/rmw_fastrtps_cpp/cmake)
-- Found OpenSSL: /usr/lib/x86_64-linux-gnu/libcrypto.so (found version "3.0.13")
-- Found FastRTPS: /opt/ros/jazzy/include (Required is at least version "2.13")
-- Using RMW implementation 'rmw_fastrtps_cpp' as default
-- Found sensor_msgs: 5.3.7 (/opt/ros/jazzy/share/sensor_msgs/cmake)
-- Configuring done (1.1s)
-- Generating done (0.0s)
-- Build files have been written to: /home/shusain/projects/hil_odrive_chrono_ros2_control/build/odrive_velocity_pid
[ 50%] [32mBuilding CXX object CMakeFiles/velocity_pid_node.dir/src/velocity_pid_node.cpp.o[0m
[100%] [32m[1mLinking CXX executable velocity_pid_node[0m
[100%] Built target velocity_pid_node
-- Install configuration: ""
-- Installing: /home/shusain/projects/hil_odrive_chrono_ros2_control/install/odrive_velocity_pid/lib/odrive_velocity_pid/velocity_pid_node
-- Set non-toolchain portion of runtime path of "/home/shusain/projects/hil_odrive_chrono_ros2_control/install/odrive_velocity_pid/lib/odrive_velocity_pid/velocity_pid_node" to ""
-- Installing: /home/shusain/projects/hil_odrive_chrono_ros2_control/install/odrive_velocity_pid/share/odrive_velocity_pid/config
-- Installing: /home/shusain/projects/hil_odrive_chrono_ros2_control/install/odrive_velocity_pid/share/odrive_velocity_pid/config/controllers.yaml
-- Installing: /home/shusain/projects/hil_odrive_chrono_ros2_control/install/odrive_velocity_pid/share/ament_index/resource_index/package_run_dependencies/odrive_velocity_pid
-- Installing: /home/shusain/projects/hil_odrive_chrono_ros2_control/install/odrive_velocity_pid/share/ament_index/resource_index/parent_prefix_path/odrive_velocity_pid
-- Installing: /home/shusain/projects/hil_odrive_chrono_ros2_control/install/odrive_velocity_pid/share/odrive_velocity_pid/environment/ament_prefix_path.sh
-- Installing: /home/shusain/projects/hil_odrive_chrono_ros2_control/install/odrive_velocity_pid/share/odrive_velocity_pid/environment/ament_prefix_path.dsv
-- Installing: /home/shusain/projects/hil_odrive_chrono_ros2_control/install/odrive_velocity_pid/share/odrive_velocity_pid/environment/path.sh
-- Installing: /home/shusain/projects/hil_odrive_chrono_ros2_control/install/odrive_velocity_pid/share/odrive_velocity_pid/environment/path.dsv
-- Installing: /home/shusain/projects/hil_odrive_chrono_ros2_control/install/odrive_velocity_pid/share/odrive_velocity_pid/local_setup.bash
-- Installing: /home/shusain/projects/hil_odrive_chrono_ros2_control/install/odrive_velocity_pid/share/odrive_velocity_pid/local_setup.sh
-- Installing: /home/shusain/projects/hil_odrive_chrono_ros2_control/install/odrive_velocity_pid/share/odrive_velocity_pid/local_setup.zsh
-- Installing: /home/shusain/projects/hil_odrive_chrono_ros2_control/install/odrive_velocity_pid/share/odrive_velocity_pid/local_setup.dsv
-- Installing: /home/shusain/projects/hil_odrive_chrono_ros2_control/install/odrive_velocity_pid/share/odrive_velocity_pid/package.dsv
-- Installing: /home/shusain/projects/hil_odrive_chrono_ros2_control/install/odrive_velocity_pid/share/ament_index/resource_index/packages/odrive_velocity_pid
-- Installing: /home/shusain/projects/hil_odrive_chrono_ros2_control/install/odrive_velocity_pid/share/odrive_velocity_pid/cmake/odrive_velocity_pidConfig.cmake
-- Installing: /home/shusain/projects/hil_odrive_chrono_ros2_control/install/odrive_velocity_pid/share/odrive_velocity_pid/cmake/odrive_velocity_pidConfig-version.cmake
-- Installing: /home/shusain/projects/hil_odrive_chrono_ros2_control/install/odrive_velocity_pid/share/odrive_velocity_pid/package.xml
