[0mCMake Deprecation Warning at CMakeLists.txt:1 (cmake_minimum_required):
  Compatibility with CMake < 3.10 will be removed from a future version of
  CMake.

  Update the VERSION argument <min> value.  Or, use the <min>...<max> syntax
  to tell CMake that the project requires at least <min> but has been updated
  to work with policies introduced by <max> or earlier.

[0m
-- Found ament_cmake: 2.5.6 (/opt/ros/jazzy/share/ament_cmake/cmake)
-- Found rclcpp: 28.1.18 (/opt/ros/jazzy/share/rclcpp/cmake)
-- Found rosidl_generator_c: 4.6.7 (/opt/ros/jazzy/share/rosidl_generator_c/cmake)
-- Found rosidl_generator_cpp: 4.6.7 (/opt/ros/jazzy/share/rosidl_generator_cpp/cmake)
-- Using all available rosidl_typesupport_c: rosidl_typesupport_fastrtps_c;rosidl_typesupport_introspection_c
-- Using all available rosidl_typesupport_cpp: rosidl_typesupport_fastrtps_cpp;rosidl_typesupport_introspection_cpp
-- Found rmw_implementation_cmake: 7.3.3 (/opt/ros/jazzy/share/rmw_implementation_cmake/cmake)
-- Found rmw_fastrtps_cpp: 8.4.3 (/opt/ros/jazzy/share/rmw_fastrtps_cpp/cmake)
-- Using RMW implementation 'rmw_fastrtps_cpp' as default
-- Found ament_cmake_auto: 2.5.6 (/opt/ros/jazzy/share/ament_cmake_auto/cmake)
[33mCMake Warning (dev) at /opt/ros/jazzy/share/realtime_tools/cmake/ament_cmake_export_dependencies-extras.cmake:21 (find_package):
  Policy CMP0167 is not set: The FindBoost module is removed.  Run "cmake
  --help-policy CMP0167" for policy details.  Use the cmake_policy command to
  set the policy and suppress this warning.

Call Stack (most recent call first):
  /opt/ros/jazzy/share/realtime_tools/cmake/realtime_toolsConfig.cmake:41 (include)
  /opt/ros/jazzy/share/hardware_interface/cmake/ament_cmake_export_dependencies-extras.cmake:21 (find_package)
  /opt/ros/jazzy/share/hardware_interface/cmake/hardware_interfaceConfig.cmake:41 (include)
  /opt/ros/jazzy/share/ament_cmake_auto/cmake/ament_auto_find_build_dependencies.cmake:67 (find_package)
  CMakeLists.txt:12 (ament_auto_find_build_dependencies)
This warning is for project developers.  Use -Wno-dev to suppress it.
[0m
-- Configuring done (0.9s)
-- Generating done (0.0s)
-- Build files have been written to: /home/shusain/projects/hil_odrive_chrono_ros2_control/build/odrive_ros2_control
[100%] Built target odrive_ros2_control_plugin
-- Install configuration: ""
-- Up-to-date: /home/shusain/projects/hil_odrive_chrono_ros2_control/install/odrive_ros2_control/share/odrive_ros2_control/odrive_hardware_interface.xml
-- Up-to-date: /home/shusain/projects/hil_odrive_chrono_ros2_control/install/odrive_ros2_control/lib/libodrive_ros2_control_plugin.so
-- Up-to-date: /home/shusain/projects/hil_odrive_chrono_ros2_control/install/odrive_ros2_control/share/ament_index/resource_index/package_run_dependencies/odrive_ros2_control
-- Up-to-date: /home/shusain/projects/hil_odrive_chrono_ros2_control/install/odrive_ros2_control/share/ament_index/resource_index/parent_prefix_path/odrive_ros2_control
-- Up-to-date: /home/shusain/projects/hil_odrive_chrono_ros2_control/install/odrive_ros2_control/share/odrive_ros2_control/environment/ament_prefix_path.sh
-- Up-to-date: /home/shusain/projects/hil_odrive_chrono_ros2_control/install/odrive_ros2_control/share/odrive_ros2_control/environment/ament_prefix_path.dsv
-- Up-to-date: /home/shusain/projects/hil_odrive_chrono_ros2_control/install/odrive_ros2_control/share/odrive_ros2_control/environment/path.sh
-- Up-to-date: /home/shusain/projects/hil_odrive_chrono_ros2_control/install/odrive_ros2_control/share/odrive_ros2_control/environment/path.dsv
-- Up-to-date: /home/shusain/projects/hil_odrive_chrono_ros2_control/install/odrive_ros2_control/share/odrive_ros2_control/local_setup.bash
-- Up-to-date: /home/shusain/projects/hil_odrive_chrono_ros2_control/install/odrive_ros2_control/share/odrive_ros2_control/local_setup.sh
-- Up-to-date: /home/shusain/projects/hil_odrive_chrono_ros2_control/install/odrive_ros2_control/share/odrive_ros2_control/local_setup.zsh
-- Up-to-date: /home/shusain/projects/hil_odrive_chrono_ros2_control/install/odrive_ros2_control/share/odrive_ros2_control/local_setup.dsv
-- Installing: /home/shusain/projects/hil_odrive_chrono_ros2_control/install/odrive_ros2_control/share/odrive_ros2_control/package.dsv
-- Up-to-date: /home/shusain/projects/hil_odrive_chrono_ros2_control/install/odrive_ros2_control/share/ament_index/resource_index/packages/odrive_ros2_control
-- Up-to-date: /home/shusain/projects/hil_odrive_chrono_ros2_control/install/odrive_ros2_control/share/ament_index/resource_index/hardware_interface__pluginlib__plugin/odrive_ros2_control
-- Up-to-date: /home/shusain/projects/hil_odrive_chrono_ros2_control/install/odrive_ros2_control/share/odrive_ros2_control/cmake/ament_cmake_export_dependencies-extras.cmake
-- Up-to-date: /home/shusain/projects/hil_odrive_chrono_ros2_control/install/odrive_ros2_control/share/odrive_ros2_control/cmake/odrive_ros2_controlConfig.cmake
-- Up-to-date: /home/shusain/projects/hil_odrive_chrono_ros2_control/install/odrive_ros2_control/share/odrive_ros2_control/cmake/odrive_ros2_controlConfig-version.cmake
-- Up-to-date: /home/shusain/projects/hil_odrive_chrono_ros2_control/install/odrive_ros2_control/share/odrive_ros2_control/package.xml
