[0.007s] Invoking command in '/home/shusain/projects/hil_odrive_chrono_ros2_control/build/hil_odrive_ros2_control': CMAKE_PREFIX_PATH=/home/shusain/projects/hil_odrive_chrono_ros2_control/install/odrive_ros2_control:/home/shusain/projects/hil_odrive_chrono_ros2_control/install/odrive_velocity_pid:/home/shusain/projects/hil_odrive_chrono_ros2_control/install/hil_odrive_ros2_control:/home/shusain/projects/hil_odrive_chrono_ros2_control/install/chrono_flap_sim:/opt/ros/jazzy/opt/sdformat_vendor:/opt/ros/jazzy/opt/gz_math_vendor:/opt/ros/jazzy/opt/gz_utils_vendor:/opt/ros/jazzy/opt/gz_tools_vendor:/opt/ros/jazzy/opt/gz_cmake_vendor:/opt/ros/jazzy DEBUGINFOD_URLS=https://debuginfod.ubuntu.com /usr/local/bin/cmake /home/shusain/projects/hil_odrive_chrono_ros2_control/src/hil_odrive_ros2_control -DCMAKE_INSTALL_PREFIX=/home/shusain/projects/hil_odrive_chrono_ros2_control/install/hil_odrive_ros2_control
[0.011s] [0mCMake Deprecation Warning at CMakeLists.txt:1 (cmake_minimum_required):
[0.011s]   Compatibility with CMake < 3.10 will be removed from a future version of
[0.011s]   CMake.
[0.012s] 
[0.012s]   Update the VERSION argument <min> value.  Or, use the <min>...<max> syntax
[0.012s]   to tell CMake that the project requires at least <min> but has been updated
[0.012s]   to work with policies introduced by <max> or earlier.
[0.012s] 
[0.012s] [0m
[0.016s] -- Found ament_cmake: 2.5.6 (/opt/ros/jazzy/share/ament_cmake/cmake)
[0.246s] -- Configuring done (0.2s)
[0.249s] -- Generating done (0.0s)
[0.249s] -- Build files have been written to: /home/shusain/projects/hil_odrive_chrono_ros2_control/build/hil_odrive_ros2_control
[0.251s] Invoked command in '/home/shusain/projects/hil_odrive_chrono_ros2_control/build/hil_odrive_ros2_control' returned '0': CMAKE_PREFIX_PATH=/home/shusain/projects/hil_odrive_chrono_ros2_control/install/odrive_ros2_control:/home/shusain/projects/hil_odrive_chrono_ros2_control/install/odrive_velocity_pid:/home/shusain/projects/hil_odrive_chrono_ros2_control/install/hil_odrive_ros2_control:/home/shusain/projects/hil_odrive_chrono_ros2_control/install/chrono_flap_sim:/opt/ros/jazzy/opt/sdformat_vendor:/opt/ros/jazzy/opt/gz_math_vendor:/opt/ros/jazzy/opt/gz_utils_vendor:/opt/ros/jazzy/opt/gz_tools_vendor:/opt/ros/jazzy/opt/gz_cmake_vendor:/opt/ros/jazzy DEBUGINFOD_URLS=https://debuginfod.ubuntu.com /usr/local/bin/cmake /home/shusain/projects/hil_odrive_chrono_ros2_control/src/hil_odrive_ros2_control -DCMAKE_INSTALL_PREFIX=/home/shusain/projects/hil_odrive_chrono_ros2_control/install/hil_odrive_ros2_control
[0.252s] Invoking command in '/home/shusain/projects/hil_odrive_chrono_ros2_control/build/hil_odrive_ros2_control': CMAKE_PREFIX_PATH=/home/shusain/projects/hil_odrive_chrono_ros2_control/install/odrive_ros2_control:/home/shusain/projects/hil_odrive_chrono_ros2_control/install/odrive_velocity_pid:/home/shusain/projects/hil_odrive_chrono_ros2_control/install/hil_odrive_ros2_control:/home/shusain/projects/hil_odrive_chrono_ros2_control/install/chrono_flap_sim:/opt/ros/jazzy/opt/sdformat_vendor:/opt/ros/jazzy/opt/gz_math_vendor:/opt/ros/jazzy/opt/gz_utils_vendor:/opt/ros/jazzy/opt/gz_tools_vendor:/opt/ros/jazzy/opt/gz_cmake_vendor:/opt/ros/jazzy DEBUGINFOD_URLS=https://debuginfod.ubuntu.com /usr/local/bin/cmake --build /home/shusain/projects/hil_odrive_chrono_ros2_control/build/hil_odrive_ros2_control -- -j4 -l4
[0.265s] Invoked command in '/home/shusain/projects/hil_odrive_chrono_ros2_control/build/hil_odrive_ros2_control' returned '0': CMAKE_PREFIX_PATH=/home/shusain/projects/hil_odrive_chrono_ros2_control/install/odrive_ros2_control:/home/shusain/projects/hil_odrive_chrono_ros2_control/install/odrive_velocity_pid:/home/shusain/projects/hil_odrive_chrono_ros2_control/install/hil_odrive_ros2_control:/home/shusain/projects/hil_odrive_chrono_ros2_control/install/chrono_flap_sim:/opt/ros/jazzy/opt/sdformat_vendor:/opt/ros/jazzy/opt/gz_math_vendor:/opt/ros/jazzy/opt/gz_utils_vendor:/opt/ros/jazzy/opt/gz_tools_vendor:/opt/ros/jazzy/opt/gz_cmake_vendor:/opt/ros/jazzy DEBUGINFOD_URLS=https://debuginfod.ubuntu.com /usr/local/bin/cmake --build /home/shusain/projects/hil_odrive_chrono_ros2_control/build/hil_odrive_ros2_control -- -j4 -l4
[0.267s] Invoking command in '/home/shusain/projects/hil_odrive_chrono_ros2_control/build/hil_odrive_ros2_control': CMAKE_PREFIX_PATH=/home/shusain/projects/hil_odrive_chrono_ros2_control/install/odrive_ros2_control:/home/shusain/projects/hil_odrive_chrono_ros2_control/install/odrive_velocity_pid:/home/shusain/projects/hil_odrive_chrono_ros2_control/install/hil_odrive_ros2_control:/home/shusain/projects/hil_odrive_chrono_ros2_control/install/chrono_flap_sim:/opt/ros/jazzy/opt/sdformat_vendor:/opt/ros/jazzy/opt/gz_math_vendor:/opt/ros/jazzy/opt/gz_utils_vendor:/opt/ros/jazzy/opt/gz_tools_vendor:/opt/ros/jazzy/opt/gz_cmake_vendor:/opt/ros/jazzy DEBUGINFOD_URLS=https://debuginfod.ubuntu.com /usr/local/bin/cmake --install /home/shusain/projects/hil_odrive_chrono_ros2_control/build/hil_odrive_ros2_control
[0.270s] -- Install configuration: ""
[0.270s] -- Up-to-date: /home/shusain/projects/hil_odrive_chrono_ros2_control/install/hil_odrive_ros2_control/share/hil_odrive_ros2_control/launch
[0.270s] -- Up-to-date: /home/shusain/projects/hil_odrive_chrono_ros2_control/install/hil_odrive_ros2_control/share/hil_odrive_ros2_control/launch/motor_control.launch.py
[0.271s] -- Up-to-date: /home/shusain/projects/hil_odrive_chrono_ros2_control/install/hil_odrive_ros2_control/share/hil_odrive_ros2_control/config
[0.271s] -- Up-to-date: /home/shusain/projects/hil_odrive_chrono_ros2_control/install/hil_odrive_ros2_control/share/hil_odrive_ros2_control/config/controllers.yaml
[0.271s] -- Up-to-date: /home/shusain/projects/hil_odrive_chrono_ros2_control/install/hil_odrive_ros2_control/share/hil_odrive_ros2_control/description
[0.271s] -- Up-to-date: /home/shusain/projects/hil_odrive_chrono_ros2_control/install/hil_odrive_ros2_control/share/hil_odrive_ros2_control/description/urdf
[0.271s] -- Up-to-date: /home/shusain/projects/hil_odrive_chrono_ros2_control/install/hil_odrive_ros2_control/share/hil_odrive_ros2_control/description/urdf/motor.urdf.xacro
[0.271s] -- Up-to-date: /home/shusain/projects/hil_odrive_chrono_ros2_control/install/hil_odrive_ros2_control/share/ament_index/resource_index/package_run_dependencies/hil_odrive_ros2_control
[0.271s] -- Up-to-date: /home/shusain/projects/hil_odrive_chrono_ros2_control/install/hil_odrive_ros2_control/share/ament_index/resource_index/parent_prefix_path/hil_odrive_ros2_control
[0.271s] -- Up-to-date: /home/shusain/projects/hil_odrive_chrono_ros2_control/install/hil_odrive_ros2_control/share/hil_odrive_ros2_control/environment/ament_prefix_path.sh
[0.271s] -- Up-to-date: /home/shusain/projects/hil_odrive_chrono_ros2_control/install/hil_odrive_ros2_control/share/hil_odrive_ros2_control/environment/ament_prefix_path.dsv
[0.271s] -- Up-to-date: /home/shusain/projects/hil_odrive_chrono_ros2_control/install/hil_odrive_ros2_control/share/hil_odrive_ros2_control/environment/path.sh
[0.271s] -- Up-to-date: /home/shusain/projects/hil_odrive_chrono_ros2_control/install/hil_odrive_ros2_control/share/hil_odrive_ros2_control/environment/path.dsv
[0.272s] -- Up-to-date: /home/shusain/projects/hil_odrive_chrono_ros2_control/install/hil_odrive_ros2_control/share/hil_odrive_ros2_control/local_setup.bash
[0.272s] -- Up-to-date: /home/shusain/projects/hil_odrive_chrono_ros2_control/install/hil_odrive_ros2_control/share/hil_odrive_ros2_control/local_setup.sh
[0.272s] -- Up-to-date: /home/shusain/projects/hil_odrive_chrono_ros2_control/install/hil_odrive_ros2_control/share/hil_odrive_ros2_control/local_setup.zsh
[0.272s] -- Up-to-date: /home/shusain/projects/hil_odrive_chrono_ros2_control/install/hil_odrive_ros2_control/share/hil_odrive_ros2_control/local_setup.dsv
[0.272s] -- Up-to-date: /home/shusain/projects/hil_odrive_chrono_ros2_control/install/hil_odrive_ros2_control/share/hil_odrive_ros2_control/package.dsv
[0.272s] -- Up-to-date: /home/shusain/projects/hil_odrive_chrono_ros2_control/install/hil_odrive_ros2_control/share/ament_index/resource_index/packages/hil_odrive_ros2_control
[0.272s] -- Up-to-date: /home/shusain/projects/hil_odrive_chrono_ros2_control/install/hil_odrive_ros2_control/share/hil_odrive_ros2_control/cmake/hil_odrive_ros2_controlConfig.cmake
[0.272s] -- Up-to-date: /home/shusain/projects/hil_odrive_chrono_ros2_control/install/hil_odrive_ros2_control/share/hil_odrive_ros2_control/cmake/hil_odrive_ros2_controlConfig-version.cmake
[0.272s] -- Up-to-date: /home/shusain/projects/hil_odrive_chrono_ros2_control/install/hil_odrive_ros2_control/share/hil_odrive_ros2_control/package.xml
[0.273s] Invoked command in '/home/shusain/projects/hil_odrive_chrono_ros2_control/build/hil_odrive_ros2_control' returned '0': CMAKE_PREFIX_PATH=/home/shusain/projects/hil_odrive_chrono_ros2_control/install/odrive_ros2_control:/home/shusain/projects/hil_odrive_chrono_ros2_control/install/odrive_velocity_pid:/home/shusain/projects/hil_odrive_chrono_ros2_control/install/hil_odrive_ros2_control:/home/shusain/projects/hil_odrive_chrono_ros2_control/install/chrono_flap_sim:/opt/ros/jazzy/opt/sdformat_vendor:/opt/ros/jazzy/opt/gz_math_vendor:/opt/ros/jazzy/opt/gz_utils_vendor:/opt/ros/jazzy/opt/gz_tools_vendor:/opt/ros/jazzy/opt/gz_cmake_vendor:/opt/ros/jazzy DEBUGINFOD_URLS=https://debuginfod.ubuntu.com /usr/local/bin/cmake --install /home/shusain/projects/hil_odrive_chrono_ros2_control/build/hil_odrive_ros2_control
